-----------------------
--- Début Programme ---
-----------------------
dimlat_x:40.0
												
dimlat_y:40.0
												
dimlat_ep:40.0
												
nb_cos:8
												
nb_cos:8
												
nom_sketch_cos:Sketch_Cos_2D
												
period_fact:1.0
												
phi:0.0
												mp:2.0
												
----
espacement:5.0
												
espacement_plateaux:10.0
												
----
Création du body du cosinus : Body_Cos_2D
Création des plateaux liants les extrémités de la structure.
Création du cosinus suivant l'axe x numéro 1.
Création de l'esquisse du cosinus.


     Construction du rectangle de délimitation de la structure
Construction de la ligne entre (0.0, 0.0, 0.0) et (40.0, 0.0, 0.0)



     Construction du rectangle de délimitation de la structure
Construction de la ligne entre (40.0, 0.0, 0.0) et (40.0, 40.0, 0.0)



     Construction du rectangle de délimitation de la structure
Construction de la ligne entre (40.0, 40.0, 0.0) et (0.0, 40.0, 0.0)



     Construction du rectangle de délimitation de la structure
Construction de la ligne entre (0.0, 40.0, 0.0) et (0.0, 0.0, 0.0)

Calcul du vecteur d'échantillonnage = [0.0,0.5,1.0,1.5,2.0,2.5,3.0,3.5,4.0,4.5,5.0,5.5,6.0,6.5,7.0,7.5,8.0,8.5,9.0,9.5,10.0,10.5,11.0,11.5,12.0,12.5,13.0,13.5,14.0,14.5,15.0,15.5,16.0,16.5,17.0,17.5,18.0,18.5,19.0,19.5,20.0,20.5,21.0,21.5,22.0,22.5,23.0,23.5,24.0,24.5,25.0,25.5,26.0,26.5,27.0,27.5,28.0,28.5,29.0,29.5,30.0,30.5,31.0,31.5,32.0,32.5,33.0,33.5,34.0,34.5,35.0,35.5,36.0,36.5,37.0,37.5,38.0,38.5,39.0,39.5,40.0,]

Calcul du vecteur de la fonction mathématique = [4.2,3.9551651237807457,3.2806046117362797,2.341474403335406,1.3677063269057155,0.5977127689061328,0.22001500679910935,0.3270866254184075,0.8927127582727763,1.778408401138441,2.7673243709264526,3.61733954858252,4.120340573300732,4.153175251456047,3.7078045086866096,2.893270635670052,1.908999932382773,0.9959761946303529,0.3777394762306463,0.2056556876072433,0.5218569418470953,1.2489261440080153,2.208851395976102,3.166609517506012,3.8877079174649847,4.1955965583571615,4.014893562900393,3.389841326619784,2.4734744364156676,1.4901514664225903,0.6806241742823576,0.2430930743622317,0.28468103935323086,0.7952058849945731,1.6496733238968062,2.638879926422919,3.5206334164881605,4.079049787496512,4.177409236373339,3.7916299396278883,3.016164123626784,2.0408728654429202,1.1045414795514634,0.4364165449173518,0.20007834721072593,0.45339071981296897,1.1343339593332051,2.0761894120111593,3.048358014673994,3.8128189878245093,4.182405623726948,4.066630224127844,3.4938386446572807,2.604270240774364,1.615722382532328,0.77022606244067,0.274788267372867,0.2507094485586847,0.7038849406219996,1.5233615780578897,2.508502899775168,3.418111952212713,4.029484715609063,4.19293581511425,3.8684467210130205,3.1354636804941474,2.173446505553881,1.2179305521395194,0.5028594504307897,0.2033075451025157,0.39261558981698674,1.0244343728792262,1.9440726207451908,2.926370816832125,3.730828103890687,4.1604852816202165,4.1101472880945895,3.5921386197277796,2.733285864719875,1.743866131033801,0.8661238766954764,]

Création des objets points FreeCAD.
Traçage de la B-Spline.
Calcul du vecteur d'échantillonnage = [0.0,0.5,1.0,1.5,2.0,2.5,3.0,3.5,4.0,4.5,5.0,5.5,6.0,6.5,7.0,7.5,8.0,8.5,9.0,9.5,10.0,10.5,11.0,11.5,12.0,12.5,13.0,13.5,14.0,14.5,15.0,15.5,16.0,16.5,17.0,17.5,18.0,18.5,19.0,19.5,20.0,20.5,21.0,21.5,22.0,22.5,23.0,23.5,24.0,24.5,25.0,25.5,26.0,26.5,27.0,27.5,28.0,28.5,29.0,29.5,30.0,30.5,31.0,31.5,32.0,32.5,33.0,33.5,34.0,34.5,35.0,35.5,36.0,36.5,37.0,37.5,38.0,38.5,39.0,39.5,40.0,]

Calcul du vecteur de la fonction mathématique = [4.8,4.555165123780745,3.8806046117362794,2.9414744033354054,1.9677063269057151,1.1977127689061324,0.820015006799109,0.9270866254184071,1.492712758272776,2.3784084011384405,3.367324370926452,4.21733954858252,4.7203405733007315,4.753175251456047,4.307804508686609,3.4932706356700516,2.508999932382773,1.5959761946303526,0.9777394762306459,0.8056556876072429,1.121856941847095,1.848926144008015,2.8088513959761015,3.7666095175060117,4.487707917464984,4.795596558357161,4.614893562900392,3.989841326619784,3.073474436415667,2.09015146642259,1.2806241742823572,0.8430930743622314,0.8846810393532305,1.3952058849945728,2.249673323896806,3.2388799264229187,4.12063341648816,4.679049787496512,4.777409236373338,4.391629939627888,3.616164123626784,2.64087286544292,1.704541479551463,1.0364165449173515,0.8000783472107256,1.0533907198129686,1.7343339593332048,2.676189412011159,3.6483580146739936,4.412818987824509,4.782405623726947,4.666630224127844,4.09383864465728,3.2042702407743637,2.2157223825323276,1.3702260624406697,0.8747882673728666,0.8507094485586844,1.3038849406219992,2.1233615780578896,3.108502899775168,4.0181119522127124,4.629484715609062,4.79293581511425,4.46844672101302,3.735463680494147,2.773446505553881,1.817930552139519,1.1028594504307894,0.8033075451025153,0.9926155898169864,1.6244343728792259,2.5440726207451902,3.5263708168321246,4.330828103890687,4.760485281620216,4.710147288094589,4.192138619727779,3.3332858647198744,2.343866131033801,1.466123876695476,]

Création des objets points FreeCAD.
Traçage de la B-Spline.
Traçage des deux parties du cosinus.
Fermeture du contour.
Extrusion de la structure
Création du cosinus suivant l'axe x numéro 2.
Création de l'esquisse du cosinus.


     Construction du rectangle de délimitation de la structure
Construction de la ligne entre (0.0, 0.0, 0.0) et (40.0, 0.0, 0.0)



     Construction du rectangle de délimitation de la structure
Construction de la ligne entre (40.0, 0.0, 0.0) et (40.0, 40.0, 0.0)



     Construction du rectangle de délimitation de la structure
Construction de la ligne entre (40.0, 40.0, 0.0) et (0.0, 40.0, 0.0)



     Construction du rectangle de délimitation de la structure
Construction de la ligne entre (0.0, 40.0, 0.0) et (0.0, 0.0, 0.0)

Calcul du vecteur d'échantillonnage = [0.0,0.5,1.0,1.5,2.0,2.5,3.0,3.5,4.0,4.5,5.0,5.5,6.0,6.5,7.0,7.5,8.0,8.5,9.0,9.5,10.0,10.5,11.0,11.5,12.0,12.5,13.0,13.5,14.0,14.5,15.0,15.5,16.0,16.5,17.0,17.5,18.0,18.5,19.0,19.5,20.0,20.5,21.0,21.5,22.0,22.5,23.0,23.5,24.0,24.5,25.0,25.5,26.0,26.5,27.0,27.5,28.0,28.5,29.0,29.5,30.0,30.5,31.0,31.5,32.0,32.5,33.0,33.5,34.0,34.5,35.0,35.5,36.0,36.5,37.0,37.5,38.0,38.5,39.0,39.5,40.0,]

Calcul du vecteur de la fonction mathématique = [9.2,8.955165123780745,8.28060461173628,7.341474403335406,6.367706326905715,5.597712768906133,5.220015006799109,5.327086625418407,5.8927127582727765,6.7784084011384405,7.767324370926453,8.617339548582521,9.120340573300732,9.153175251456048,8.707804508686609,7.893270635670052,6.908999932382773,5.995976194630353,5.377739476230646,5.205655687607243,5.521856941847095,6.248926144008015,7.208851395976102,8.166609517506012,8.887707917464985,9.195596558357161,9.014893562900392,8.389841326619784,7.4734744364156676,6.49015146642259,5.680624174282357,5.243093074362232,5.284681039353231,5.795205884994573,6.649673323896806,7.638879926422919,8.52063341648816,9.079049787496512,9.17740923637334,8.791629939627889,8.016164123626783,7.04087286544292,6.104541479551464,5.436416544917352,5.2000783472107255,5.453390719812969,6.134333959333205,7.076189412011159,8.048358014673994,8.81281898782451,9.182405623726947,9.066630224127845,8.49383864465728,7.6042702407743645,6.6157223825323275,5.7702260624406705,5.274788267372867,5.250709448558685,5.703884940621999,6.52336157805789,7.508502899775168,8.418111952212712,9.029484715609062,9.19293581511425,8.86844672101302,8.135463680494148,7.173446505553882,6.217930552139519,5.5028594504307895,5.203307545102516,5.3926155898169865,6.0244343728792265,6.944072620745191,7.926370816832125,8.730828103890687,9.160485281620216,9.11014728809459,8.59213861972778,7.733285864719875,6.743866131033801,5.866123876695476,]

Création des objets points FreeCAD.
Traçage de la B-Spline.
Calcul du vecteur d'échantillonnage = [0.0,0.5,1.0,1.5,2.0,2.5,3.0,3.5,4.0,4.5,5.0,5.5,6.0,6.5,7.0,7.5,8.0,8.5,9.0,9.5,10.0,10.5,11.0,11.5,12.0,12.5,13.0,13.5,14.0,14.5,15.0,15.5,16.0,16.5,17.0,17.5,18.0,18.5,19.0,19.5,20.0,20.5,21.0,21.5,22.0,22.5,23.0,23.5,24.0,24.5,25.0,25.5,26.0,26.5,27.0,27.5,28.0,28.5,29.0,29.5,30.0,30.5,31.0,31.5,32.0,32.5,33.0,33.5,34.0,34.5,35.0,35.5,36.0,36.5,37.0,37.5,38.0,38.5,39.0,39.5,40.0,]

Calcul du vecteur de la fonction mathématique = [9.8,9.555165123780746,8.88060461173628,7.941474403335405,6.967706326905715,6.197712768906133,5.8200150067991085,5.927086625418407,6.492712758272776,7.37840840113844,8.367324370926452,9.217339548582519,9.720340573300732,9.753175251456046,9.307804508686608,8.49327063567005,7.508999932382773,6.595976194630353,5.977739476230646,5.805655687607243,6.121856941847095,6.848926144008015,7.8088513959761015,8.766609517506012,9.487707917464984,9.795596558357161,9.614893562900392,8.989841326619784,8.073474436415667,7.09015146642259,6.280624174282357,5.843093074362232,5.8846810393532305,6.3952058849945725,7.249673323896806,8.238879926422918,9.120633416488161,9.679049787496512,9.777409236373337,9.391629939627888,8.616164123626783,7.64087286544292,6.704541479551463,6.036416544917351,5.800078347210725,6.053390719812969,6.734333959333204,7.6761894120111585,8.648358014673994,9.412818987824508,9.782405623726946,9.666630224127843,9.09383864465728,8.204270240774363,7.215722382532327,6.37022606244067,5.874788267372867,5.850709448558685,6.303884940621999,7.12336157805789,8.108502899775168,9.018111952212712,9.629484715609063,9.79293581511425,9.46844672101302,8.735463680494147,7.773446505553881,6.817930552139519,6.102859450430789,5.803307545102515,5.992615589816986,6.624434372879226,7.54407262074519,8.526370816832124,9.330828103890687,9.760485281620216,9.71014728809459,9.192138619727778,8.333285864719874,7.343866131033801,6.466123876695476,]

Création des objets points FreeCAD.
Traçage de la B-Spline.
Traçage des deux parties du cosinus.
Fermeture du contour.
Extrusion de la structure
Création du cosinus suivant l'axe x numéro 3.
Création de l'esquisse du cosinus.


     Construction du rectangle de délimitation de la structure
Construction de la ligne entre (0.0, 0.0, 0.0) et (40.0, 0.0, 0.0)



     Construction du rectangle de délimitation de la structure
Construction de la ligne entre (40.0, 0.0, 0.0) et (40.0, 40.0, 0.0)



     Construction du rectangle de délimitation de la structure
Construction de la ligne entre (40.0, 40.0, 0.0) et (0.0, 40.0, 0.0)



     Construction du rectangle de délimitation de la structure
Construction de la ligne entre (0.0, 40.0, 0.0) et (0.0, 0.0, 0.0)

Calcul du vecteur d'échantillonnage = [0.0,0.5,1.0,1.5,2.0,2.5,3.0,3.5,4.0,4.5,5.0,5.5,6.0,6.5,7.0,7.5,8.0,8.5,9.0,9.5,10.0,10.5,11.0,11.5,12.0,12.5,13.0,13.5,14.0,14.5,15.0,15.5,16.0,16.5,17.0,17.5,18.0,18.5,19.0,19.5,20.0,20.5,21.0,21.5,22.0,22.5,23.0,23.5,24.0,24.5,25.0,25.5,26.0,26.5,27.0,27.5,28.0,28.5,29.0,29.5,30.0,30.5,31.0,31.5,32.0,32.5,33.0,33.5,34.0,34.5,35.0,35.5,36.0,36.5,37.0,37.5,38.0,38.5,39.0,39.5,40.0,]

Calcul du vecteur de la fonction mathématique = [14.2,13.955165123780745,13.28060461173628,12.341474403335406,11.367706326905715,10.597712768906131,10.220015006799109,10.327086625418406,10.892712758272776,11.77840840113844,12.767324370926453,13.61733954858252,14.120340573300732,14.153175251456046,13.707804508686609,12.893270635670051,11.908999932382772,10.995976194630352,10.377739476230646,10.205655687607242,10.521856941847094,11.248926144008013,12.208851395976101,13.16660951750601,13.887707917464983,14.19559655835716,14.014893562900392,13.389841326619784,12.473474436415666,11.490151466422589,10.680624174282357,10.24309307436223,10.28468103935323,10.795205884994573,11.649673323896806,12.638879926422918,13.52063341648816,14.079049787496512,14.177409236373338,13.791629939627887,13.016164123626783,12.04087286544292,11.104541479551463,10.436416544917352,10.200078347210725,10.453390719812969,11.134333959333205,12.076189412011159,13.048358014673994,13.812818987824508,14.182405623726947,14.066630224127843,13.49383864465728,12.604270240774364,11.615722382532327,10.770226062440669,10.274788267372866,10.250709448558684,10.703884940621998,11.523361578057889,12.508502899775168,13.418111952212712,14.029484715609062,14.192935815114248,13.86844672101302,13.135463680494146,12.17344650555388,11.217930552139519,10.502859450430789,10.203307545102515,10.392615589816986,11.024434372879226,11.94407262074519,12.926370816832124,13.730828103890687,14.160485281620215,14.11014728809459,13.592138619727779,12.733285864719873,11.7438661310338,10.866123876695475,]

Création des objets points FreeCAD.
Traçage de la B-Spline.
Calcul du vecteur d'échantillonnage = [0.0,0.5,1.0,1.5,2.0,2.5,3.0,3.5,4.0,4.5,5.0,5.5,6.0,6.5,7.0,7.5,8.0,8.5,9.0,9.5,10.0,10.5,11.0,11.5,12.0,12.5,13.0,13.5,14.0,14.5,15.0,15.5,16.0,16.5,17.0,17.5,18.0,18.5,19.0,19.5,20.0,20.5,21.0,21.5,22.0,22.5,23.0,23.5,24.0,24.5,25.0,25.5,26.0,26.5,27.0,27.5,28.0,28.5,29.0,29.5,30.0,30.5,31.0,31.5,32.0,32.5,33.0,33.5,34.0,34.5,35.0,35.5,36.0,36.5,37.0,37.5,38.0,38.5,39.0,39.5,40.0,]

Calcul du vecteur de la fonction mathématique = [14.8,14.555165123780746,13.880604611736281,12.941474403335407,11.967706326905716,11.197712768906133,10.82001500679911,10.927086625418408,11.492712758272777,12.378408401138442,13.367324370926454,14.21733954858252,14.720340573300733,14.753175251456048,14.30780450868661,13.493270635670052,12.508999932382773,11.595976194630353,10.977739476230647,10.805655687607244,11.121856941847096,11.848926144008015,12.808851395976102,13.766609517506012,14.487707917464984,14.795596558357161,14.614893562900393,13.989841326619786,13.073474436415667,12.09015146642259,11.280624174282359,10.843093074362232,10.884681039353232,11.395205884994574,12.249673323896808,13.23887992642292,14.120633416488161,14.679049787496513,14.77740923637334,14.391629939627888,13.616164123626785,12.64087286544292,11.704541479551464,11.036416544917353,10.800078347210727,11.05339071981297,11.734333959333206,12.67618941201116,13.648358014673995,14.41281898782451,14.782405623726948,14.666630224127845,14.093838644657282,13.204270240774365,12.215722382532329,11.37022606244067,10.874788267372868,10.850709448558685,11.303884940622,12.12336157805789,13.10850289977517,14.018111952212713,14.629484715609063,14.79293581511425,14.468446721013022,13.735463680494147,12.773446505553881,11.81793055213952,11.10285945043079,10.803307545102516,10.992615589816987,11.624434372879227,12.544072620745192,13.526370816832125,14.330828103890688,14.760485281620216,14.710147288094591,14.19213861972778,13.333285864719874,12.343866131033801,11.466123876695477,]

Création des objets points FreeCAD.
Traçage de la B-Spline.
Traçage des deux parties du cosinus.
Fermeture du contour.
Extrusion de la structure
Création du cosinus suivant l'axe x numéro 4.
Création de l'esquisse du cosinus.


     Construction du rectangle de délimitation de la structure
Construction de la ligne entre (0.0, 0.0, 0.0) et (40.0, 0.0, 0.0)



     Construction du rectangle de délimitation de la structure
Construction de la ligne entre (40.0, 0.0, 0.0) et (40.0, 40.0, 0.0)



     Construction du rectangle de délimitation de la structure
Construction de la ligne entre (40.0, 40.0, 0.0) et (0.0, 40.0, 0.0)



     Construction du rectangle de délimitation de la structure
Construction de la ligne entre (0.0, 40.0, 0.0) et (0.0, 0.0, 0.0)

Calcul du vecteur d'échantillonnage = [0.0,0.5,1.0,1.5,2.0,2.5,3.0,3.5,4.0,4.5,5.0,5.5,6.0,6.5,7.0,7.5,8.0,8.5,9.0,9.5,10.0,10.5,11.0,11.5,12.0,12.5,13.0,13.5,14.0,14.5,15.0,15.5,16.0,16.5,17.0,17.5,18.0,18.5,19.0,19.5,20.0,20.5,21.0,21.5,22.0,22.5,23.0,23.5,24.0,24.5,25.0,25.5,26.0,26.5,27.0,27.5,28.0,28.5,29.0,29.5,30.0,30.5,31.0,31.5,32.0,32.5,33.0,33.5,34.0,34.5,35.0,35.5,36.0,36.5,37.0,37.5,38.0,38.5,39.0,39.5,40.0,]

Calcul du vecteur de la fonction mathématique = [19.2,18.955165123780745,18.28060461173628,17.341474403335404,16.367706326905715,15.597712768906131,15.220015006799109,15.327086625418406,15.892712758272776,16.77840840113844,17.767324370926453,18.61733954858252,19.12034057330073,19.153175251456048,18.707804508686607,17.89327063567005,16.908999932382773,15.995976194630352,15.377739476230646,15.205655687607242,15.521856941847094,16.248926144008013,17.2088513959761,18.16660951750601,18.887707917464983,19.19559655835716,19.01489356290039,18.389841326619784,17.473474436415668,16.49015146642259,15.680624174282357,15.24309307436223,15.28468103935323,15.795205884994573,16.649673323896806,17.638879926422916,18.52063341648816,19.079049787496512,19.177409236373336,18.79162993962789,18.016164123626783,17.040872865442918,16.10454147955146,15.436416544917352,15.200078347210725,15.453390719812969,16.134333959333205,17.076189412011157,18.048358014673994,18.812818987824507,19.182405623726947,19.06663022412784,18.49383864465728,17.604270240774362,16.615722382532326,15.770226062440669,15.274788267372866,15.250709448558684,15.703884940621998,16.523361578057887,17.508502899775166,18.418111952212712,19.029484715609062,19.19293581511425,18.86844672101302,18.135463680494148,17.17344650555388,16.217930552139517,15.502859450430789,15.203307545102515,15.392615589816986,16.024434372879224,16.94407262074519,17.926370816832122,18.730828103890687,19.160485281620215,19.110147288094588,18.592138619727777,17.733285864719875,16.7438661310338,15.866123876695475,]

Création des objets points FreeCAD.
Traçage de la B-Spline.
Calcul du vecteur d'échantillonnage = [0.0,0.5,1.0,1.5,2.0,2.5,3.0,3.5,4.0,4.5,5.0,5.5,6.0,6.5,7.0,7.5,8.0,8.5,9.0,9.5,10.0,10.5,11.0,11.5,12.0,12.5,13.0,13.5,14.0,14.5,15.0,15.5,16.0,16.5,17.0,17.5,18.0,18.5,19.0,19.5,20.0,20.5,21.0,21.5,22.0,22.5,23.0,23.5,24.0,24.5,25.0,25.5,26.0,26.5,27.0,27.5,28.0,28.5,29.0,29.5,30.0,30.5,31.0,31.5,32.0,32.5,33.0,33.5,34.0,34.5,35.0,35.5,36.0,36.5,37.0,37.5,38.0,38.5,39.0,39.5,40.0,]

Calcul du vecteur de la fonction mathématique = [19.8,19.555165123780746,18.88060461173628,17.941474403335405,16.967706326905716,16.197712768906133,15.82001500679911,15.927086625418408,16.492712758272777,17.37840840113844,18.367324370926454,19.217339548582522,19.72034057330073,19.75317525145605,19.30780450868661,18.49327063567005,17.508999932382775,16.595976194630353,15.977739476230647,15.805655687607244,16.121856941847096,16.848926144008015,17.808851395976102,18.766609517506012,19.487707917464984,19.79559655835716,19.61489356290039,18.989841326619786,18.07347443641567,17.09015146642259,16.28062417428236,15.843093074362232,15.884681039353232,16.395205884994574,17.249673323896808,18.238879926422918,19.12063341648816,19.679049787496513,19.777409236373337,19.39162993962789,18.616164123626785,17.64087286544292,16.704541479551462,16.03641654491735,15.800078347210727,16.05339071981297,16.734333959333206,17.67618941201116,18.648358014673995,19.412818987824508,19.782405623726948,19.666630224127843,19.093838644657282,18.204270240774363,17.215722382532327,16.370226062440672,15.874788267372868,15.850709448558685,16.303884940622,17.12336157805789,18.108502899775168,19.018111952212713,19.629484715609063,19.79293581511425,19.46844672101302,18.73546368049415,17.77344650555388,16.81793055213952,16.102859450430792,15.803307545102516,15.992615589816987,16.624434372879225,17.54407262074519,18.526370816832124,19.33082810389069,19.760485281620216,19.71014728809459,19.19213861972778,18.333285864719876,17.343866131033803,16.466123876695477,]

Création des objets points FreeCAD.
Traçage de la B-Spline.
Traçage des deux parties du cosinus.
Fermeture du contour.
Extrusion de la structure
Création du cosinus suivant l'axe x numéro 5.
Création de l'esquisse du cosinus.


     Construction du rectangle de délimitation de la structure
Construction de la ligne entre (0.0, 0.0, 0.0) et (40.0, 0.0, 0.0)



     Construction du rectangle de délimitation de la structure
Construction de la ligne entre (40.0, 0.0, 0.0) et (40.0, 40.0, 0.0)



     Construction du rectangle de délimitation de la structure
Construction de la ligne entre (40.0, 40.0, 0.0) et (0.0, 40.0, 0.0)



     Construction du rectangle de délimitation de la structure
Construction de la ligne entre (0.0, 40.0, 0.0) et (0.0, 0.0, 0.0)

Calcul du vecteur d'échantillonnage = [0.0,0.5,1.0,1.5,2.0,2.5,3.0,3.5,4.0,4.5,5.0,5.5,6.0,6.5,7.0,7.5,8.0,8.5,9.0,9.5,10.0,10.5,11.0,11.5,12.0,12.5,13.0,13.5,14.0,14.5,15.0,15.5,16.0,16.5,17.0,17.5,18.0,18.5,19.0,19.5,20.0,20.5,21.0,21.5,22.0,22.5,23.0,23.5,24.0,24.5,25.0,25.5,26.0,26.5,27.0,27.5,28.0,28.5,29.0,29.5,30.0,30.5,31.0,31.5,32.0,32.5,33.0,33.5,34.0,34.5,35.0,35.5,36.0,36.5,37.0,37.5,38.0,38.5,39.0,39.5,40.0,]

Calcul du vecteur de la fonction mathématique = [24.2,23.955165123780745,23.28060461173628,22.341474403335404,21.367706326905715,20.59771276890613,20.22001500679911,20.327086625418406,20.892712758272776,21.77840840113844,22.767324370926453,23.61733954858252,24.12034057330073,24.153175251456048,23.707804508686607,22.89327063567005,21.908999932382773,20.99597619463035,20.377739476230644,20.20565568760724,20.521856941847094,21.248926144008013,22.2088513959761,23.16660951750601,23.887707917464983,24.19559655835716,24.01489356290039,23.389841326619784,22.473474436415668,21.49015146642259,20.680624174282357,20.243093074362232,20.28468103935323,20.795205884994573,21.649673323896806,22.638879926422916,23.52063341648816,24.079049787496512,24.177409236373336,23.79162993962789,23.016164123626783,22.040872865442918,21.10454147955146,20.43641654491735,20.200078347210724,20.45339071981297,21.134333959333205,22.076189412011157,23.048358014673994,23.812818987824507,24.182405623726947,24.06663022412784,23.49383864465728,22.604270240774362,21.615722382532326,20.77022606244067,20.274788267372866,20.250709448558684,20.703884940622,21.523361578057887,22.508502899775166,23.418111952212712,24.029484715609062,24.19293581511425,23.86844672101302,23.135463680494148,22.17344650555388,21.217930552139517,20.50285945043079,20.203307545102515,20.392615589816987,21.024434372879224,21.94407262074519,22.926370816832122,23.730828103890687,24.160485281620215,24.110147288094588,23.592138619727777,22.733285864719875,21.7438661310338,20.866123876695475,]

Création des objets points FreeCAD.
Traçage de la B-Spline.
Calcul du vecteur d'échantillonnage = [0.0,0.5,1.0,1.5,2.0,2.5,3.0,3.5,4.0,4.5,5.0,5.5,6.0,6.5,7.0,7.5,8.0,8.5,9.0,9.5,10.0,10.5,11.0,11.5,12.0,12.5,13.0,13.5,14.0,14.5,15.0,15.5,16.0,16.5,17.0,17.5,18.0,18.5,19.0,19.5,20.0,20.5,21.0,21.5,22.0,22.5,23.0,23.5,24.0,24.5,25.0,25.5,26.0,26.5,27.0,27.5,28.0,28.5,29.0,29.5,30.0,30.5,31.0,31.5,32.0,32.5,33.0,33.5,34.0,34.5,35.0,35.5,36.0,36.5,37.0,37.5,38.0,38.5,39.0,39.5,40.0,]

Calcul du vecteur de la fonction mathématique = [24.8,24.555165123780746,23.88060461173628,22.941474403335405,21.967706326905716,21.197712768906133,20.82001500679911,20.927086625418408,21.492712758272777,22.37840840113844,23.367324370926454,24.217339548582522,24.72034057330073,24.75317525145605,24.30780450868661,23.49327063567005,22.508999932382775,21.595976194630353,20.977739476230646,20.805655687607242,21.121856941847096,21.848926144008015,22.808851395976102,23.766609517506012,24.487707917464984,24.79559655835716,24.61489356290039,23.989841326619786,23.07347443641567,22.09015146642259,21.28062417428236,20.843093074362233,20.884681039353232,21.395205884994574,22.249673323896808,23.238879926422918,24.12063341648816,24.679049787496513,24.777409236373337,24.39162993962789,23.616164123626785,22.64087286544292,21.704541479551462,21.03641654491735,20.800078347210725,21.05339071981297,21.734333959333206,22.67618941201116,23.648358014673995,24.412818987824508,24.782405623726948,24.666630224127843,24.093838644657282,23.204270240774363,22.215722382532327,21.370226062440672,20.874788267372868,20.850709448558685,21.303884940622,22.12336157805789,23.108502899775168,24.018111952212713,24.629484715609063,24.79293581511425,24.46844672101302,23.73546368049415,22.77344650555388,21.81793055213952,21.102859450430792,20.803307545102516,20.99261558981699,21.624434372879225,22.54407262074519,23.526370816832124,24.33082810389069,24.760485281620216,24.71014728809459,24.19213861972778,23.333285864719876,22.343866131033803,21.466123876695477,]

Création des objets points FreeCAD.
Traçage de la B-Spline.
Traçage des deux parties du cosinus.
Fermeture du contour.
Extrusion de la structure
Création du cosinus suivant l'axe x numéro 6.
Création de l'esquisse du cosinus.


     Construction du rectangle de délimitation de la structure
Construction de la ligne entre (0.0, 0.0, 0.0) et (40.0, 0.0, 0.0)



     Construction du rectangle de délimitation de la structure
Construction de la ligne entre (40.0, 0.0, 0.0) et (40.0, 40.0, 0.0)



     Construction du rectangle de délimitation de la structure
Construction de la ligne entre (40.0, 40.0, 0.0) et (0.0, 40.0, 0.0)



     Construction du rectangle de délimitation de la structure
Construction de la ligne entre (0.0, 40.0, 0.0) et (0.0, 0.0, 0.0)

Calcul du vecteur d'échantillonnage = [0.0,0.5,1.0,1.5,2.0,2.5,3.0,3.5,4.0,4.5,5.0,5.5,6.0,6.5,7.0,7.5,8.0,8.5,9.0,9.5,10.0,10.5,11.0,11.5,12.0,12.5,13.0,13.5,14.0,14.5,15.0,15.5,16.0,16.5,17.0,17.5,18.0,18.5,19.0,19.5,20.0,20.5,21.0,21.5,22.0,22.5,23.0,23.5,24.0,24.5,25.0,25.5,26.0,26.5,27.0,27.5,28.0,28.5,29.0,29.5,30.0,30.5,31.0,31.5,32.0,32.5,33.0,33.5,34.0,34.5,35.0,35.5,36.0,36.5,37.0,37.5,38.0,38.5,39.0,39.5,40.0,]

Calcul du vecteur de la fonction mathématique = [29.2,28.955165123780745,28.28060461173628,27.341474403335404,26.367706326905715,25.59771276890613,25.22001500679911,25.327086625418406,25.892712758272776,26.77840840113844,27.767324370926453,28.61733954858252,29.12034057330073,29.153175251456048,28.707804508686607,27.89327063567005,26.908999932382773,25.99597619463035,25.377739476230644,25.20565568760724,25.521856941847094,26.248926144008013,27.2088513959761,28.16660951750601,28.887707917464983,29.19559655835716,29.01489356290039,28.389841326619784,27.473474436415668,26.49015146642259,25.680624174282357,25.243093074362232,25.28468103935323,25.795205884994573,26.649673323896806,27.638879926422916,28.52063341648816,29.079049787496512,29.177409236373336,28.79162993962789,28.016164123626783,27.040872865442918,26.10454147955146,25.43641654491735,25.200078347210724,25.45339071981297,26.134333959333205,27.076189412011157,28.048358014673994,28.812818987824507,29.182405623726947,29.06663022412784,28.49383864465728,27.604270240774362,26.615722382532326,25.77022606244067,25.274788267372866,25.250709448558684,25.703884940622,26.523361578057887,27.508502899775166,28.418111952212712,29.029484715609062,29.19293581511425,28.86844672101302,28.135463680494148,27.17344650555388,26.217930552139517,25.50285945043079,25.203307545102515,25.392615589816987,26.024434372879224,26.94407262074519,27.926370816832122,28.730828103890687,29.160485281620215,29.110147288094588,28.592138619727777,27.733285864719875,26.7438661310338,25.866123876695475,]

Création des objets points FreeCAD.
Traçage de la B-Spline.
Calcul du vecteur d'échantillonnage = [0.0,0.5,1.0,1.5,2.0,2.5,3.0,3.5,4.0,4.5,5.0,5.5,6.0,6.5,7.0,7.5,8.0,8.5,9.0,9.5,10.0,10.5,11.0,11.5,12.0,12.5,13.0,13.5,14.0,14.5,15.0,15.5,16.0,16.5,17.0,17.5,18.0,18.5,19.0,19.5,20.0,20.5,21.0,21.5,22.0,22.5,23.0,23.5,24.0,24.5,25.0,25.5,26.0,26.5,27.0,27.5,28.0,28.5,29.0,29.5,30.0,30.5,31.0,31.5,32.0,32.5,33.0,33.5,34.0,34.5,35.0,35.5,36.0,36.5,37.0,37.5,38.0,38.5,39.0,39.5,40.0,]

Calcul du vecteur de la fonction mathématique = [29.8,29.555165123780746,28.88060461173628,27.941474403335405,26.967706326905716,26.197712768906133,25.82001500679911,25.927086625418408,26.492712758272777,27.37840840113844,28.367324370926454,29.217339548582522,29.72034057330073,29.75317525145605,29.30780450868661,28.49327063567005,27.508999932382775,26.595976194630353,25.977739476230646,25.805655687607242,26.121856941847096,26.848926144008015,27.808851395976102,28.766609517506012,29.487707917464984,29.79559655835716,29.61489356290039,28.989841326619786,28.07347443641567,27.09015146642259,26.28062417428236,25.843093074362233,25.884681039353232,26.395205884994574,27.249673323896808,28.238879926422918,29.12063341648816,29.679049787496513,29.777409236373337,29.39162993962789,28.616164123626785,27.64087286544292,26.704541479551462,26.03641654491735,25.800078347210725,26.05339071981297,26.734333959333206,27.67618941201116,28.648358014673995,29.412818987824508,29.782405623726948,29.666630224127843,29.093838644657282,28.204270240774363,27.215722382532327,26.370226062440672,25.874788267372868,25.850709448558685,26.303884940622,27.12336157805789,28.108502899775168,29.018111952212713,29.629484715609063,29.79293581511425,29.46844672101302,28.73546368049415,27.77344650555388,26.81793055213952,26.102859450430792,25.803307545102516,25.99261558981699,26.624434372879225,27.54407262074519,28.526370816832124,29.33082810389069,29.760485281620216,29.71014728809459,29.19213861972778,28.333285864719876,27.343866131033803,26.466123876695477,]

Création des objets points FreeCAD.
Traçage de la B-Spline.
Traçage des deux parties du cosinus.
Fermeture du contour.
Extrusion de la structure
Création du cosinus suivant l'axe x numéro 7.
Création de l'esquisse du cosinus.


     Construction du rectangle de délimitation de la structure
Construction de la ligne entre (0.0, 0.0, 0.0) et (40.0, 0.0, 0.0)



     Construction du rectangle de délimitation de la structure
Construction de la ligne entre (40.0, 0.0, 0.0) et (40.0, 40.0, 0.0)



     Construction du rectangle de délimitation de la structure
Construction de la ligne entre (40.0, 40.0, 0.0) et (0.0, 40.0, 0.0)



     Construction du rectangle de délimitation de la structure
Construction de la ligne entre (0.0, 40.0, 0.0) et (0.0, 0.0, 0.0)

Calcul du vecteur d'échantillonnage = [0.0,0.5,1.0,1.5,2.0,2.5,3.0,3.5,4.0,4.5,5.0,5.5,6.0,6.5,7.0,7.5,8.0,8.5,9.0,9.5,10.0,10.5,11.0,11.5,12.0,12.5,13.0,13.5,14.0,14.5,15.0,15.5,16.0,16.5,17.0,17.5,18.0,18.5,19.0,19.5,20.0,20.5,21.0,21.5,22.0,22.5,23.0,23.5,24.0,24.5,25.0,25.5,26.0,26.5,27.0,27.5,28.0,28.5,29.0,29.5,30.0,30.5,31.0,31.5,32.0,32.5,33.0,33.5,34.0,34.5,35.0,35.5,36.0,36.5,37.0,37.5,38.0,38.5,39.0,39.5,40.0,]

Calcul du vecteur de la fonction mathématique = [34.2,33.955165123780745,33.28060461173628,32.34147440333541,31.36770632690572,30.597712768906135,30.220015006799112,30.32708662541841,30.89271275827278,31.778408401138442,32.76732437092645,33.61733954858252,34.12034057330074,34.15317525145605,33.707804508686614,32.893270635670056,31.908999932382777,30.995976194630355,30.377739476230648,30.205655687607248,30.521856941847098,31.248926144008017,32.208851395976104,33.16660951750602,33.88770791746499,34.19559655835717,34.0148935629004,33.38984132661979,32.47347443641567,31.490151466422592,30.68062417428236,30.243093074362235,30.284681039353234,30.795205884994576,31.64967332389681,32.63887992642292,33.52063341648817,34.079049787496515,34.17740923637334,33.79162993962789,33.01616412362679,32.04087286544292,31.104541479551465,30.436416544917353,30.200078347210727,30.453390719812973,31.13433395933321,32.07618941201116,33.048358014673994,33.812818987824514,34.18240562372695,34.06663022412785,33.49383864465728,32.60427024077437,31.61572238253233,30.770226062440674,30.27478826737287,30.250709448558688,30.703884940622004,31.52336157805789,32.50850289977517,33.41811195221271,34.029484715609065,34.192935815114254,33.86844672101302,33.13546368049415,32.17344650555388,31.21793055213952,30.502859450430794,30.20330754510252,30.39261558981699,31.024434372879227,31.944072620745192,32.926370816832126,33.73082810389069,34.16048528162022,34.110147288094595,33.592138619727784,32.733285864719875,31.743866131033805,30.86612387669548,]

Création des objets points FreeCAD.
Traçage de la B-Spline.
Calcul du vecteur d'échantillonnage = [0.0,0.5,1.0,1.5,2.0,2.5,3.0,3.5,4.0,4.5,5.0,5.5,6.0,6.5,7.0,7.5,8.0,8.5,9.0,9.5,10.0,10.5,11.0,11.5,12.0,12.5,13.0,13.5,14.0,14.5,15.0,15.5,16.0,16.5,17.0,17.5,18.0,18.5,19.0,19.5,20.0,20.5,21.0,21.5,22.0,22.5,23.0,23.5,24.0,24.5,25.0,25.5,26.0,26.5,27.0,27.5,28.0,28.5,29.0,29.5,30.0,30.5,31.0,31.5,32.0,32.5,33.0,33.5,34.0,34.5,35.0,35.5,36.0,36.5,37.0,37.5,38.0,38.5,39.0,39.5,40.0,]

Calcul du vecteur de la fonction mathématique = [34.8,34.55516512378074,33.880604611736274,32.941474403335405,31.967706326905713,31.19771276890613,30.820015006799107,30.927086625418404,31.492712758272773,32.37840840113844,33.36732437092645,34.217339548582515,34.72034057330073,34.75317525145604,34.30780450868661,33.49327063567005,32.50899993238277,31.59597619463035,30.977739476230642,30.805655687607242,31.121856941847092,31.84892614400801,32.8088513959761,33.76660951750601,34.48770791746498,34.79559655835716,34.61489356290039,33.98984132661978,33.073474436415665,32.09015146642259,31.280624174282355,30.84309307436223,30.88468103935323,31.39520588499457,32.2496733238968,33.23887992642292,34.12063341648816,34.67904978749651,34.77740923637334,34.39162993962788,33.61616412362678,32.640872865442915,31.70454147955146,31.036416544917348,30.80007834721072,31.053390719812967,31.734333959333203,32.676189412011155,33.64835801467399,34.41281898782451,34.782405623726945,34.66663022412784,34.093838644657275,33.20427024077436,32.21572238253233,31.37022606244067,30.874788267372864,30.850709448558682,31.303884940621998,32.12336157805789,33.10850289977517,34.018111952212706,34.62948471560906,34.79293581511425,34.46844672101302,33.73546368049414,32.77344650555388,31.817930552139515,31.10285945043079,30.803307545102513,30.992615589816985,31.62443437287922,32.54407262074519,33.52637081683212,34.33082810389068,34.76048528162021,34.71014728809459,34.19213861972778,33.33328586471987,32.3438661310338,31.466123876695473,]

Création des objets points FreeCAD.
Traçage de la B-Spline.
Traçage des deux parties du cosinus.
Fermeture du contour.
Extrusion de la structure
Création du cosinus suivant l'axe x numéro 8.
Création de l'esquisse du cosinus.


     Construction du rectangle de délimitation de la structure
Construction de la ligne entre (0.0, 0.0, 0.0) et (40.0, 0.0, 0.0)



     Construction du rectangle de délimitation de la structure
Construction de la ligne entre (40.0, 0.0, 0.0) et (40.0, 40.0, 0.0)



     Construction du rectangle de délimitation de la structure
Construction de la ligne entre (40.0, 40.0, 0.0) et (0.0, 40.0, 0.0)



     Construction du rectangle de délimitation de la structure
Construction de la ligne entre (0.0, 40.0, 0.0) et (0.0, 0.0, 0.0)

Calcul du vecteur d'échantillonnage = [0.0,0.5,1.0,1.5,2.0,2.5,3.0,3.5,4.0,4.5,5.0,5.5,6.0,6.5,7.0,7.5,8.0,8.5,9.0,9.5,10.0,10.5,11.0,11.5,12.0,12.5,13.0,13.5,14.0,14.5,15.0,15.5,16.0,16.5,17.0,17.5,18.0,18.5,19.0,19.5,20.0,20.5,21.0,21.5,22.0,22.5,23.0,23.5,24.0,24.5,25.0,25.5,26.0,26.5,27.0,27.5,28.0,28.5,29.0,29.5,30.0,30.5,31.0,31.5,32.0,32.5,33.0,33.5,34.0,34.5,35.0,35.5,36.0,36.5,37.0,37.5,38.0,38.5,39.0,39.5,40.0,]

Calcul du vecteur de la fonction mathématique = [39.2,38.955165123780745,38.28060461173628,37.34147440333541,36.36770632690572,35.597712768906135,35.22001500679911,35.32708662541841,35.89271275827278,36.77840840113844,37.76732437092645,38.61733954858252,39.12034057330074,39.15317525145605,38.707804508686614,37.893270635670056,36.90899993238278,35.99597619463036,35.37773947623065,35.20565568760725,35.5218569418471,36.24892614400802,37.208851395976104,38.16660951750602,38.88770791746499,39.19559655835717,39.0148935629004,38.38984132661979,37.47347443641567,36.490151466422596,35.68062417428236,35.243093074362235,35.28468103935323,35.79520588499457,36.649673323896806,37.63887992642292,38.52063341648817,39.079049787496515,39.17740923637334,38.79162993962789,38.01616412362679,37.04087286544292,36.104541479551465,35.43641654491736,35.20007834721073,35.45339071981297,36.134333959333205,37.07618941201116,38.048358014673994,38.812818987824514,39.18240562372695,39.06663022412785,38.49383864465728,37.60427024077437,36.61572238253233,35.77022606244067,35.27478826737287,35.25070944855869,35.703884940622004,36.523361578057894,37.50850289977517,38.41811195221271,39.029484715609065,39.192935815114254,38.86844672101302,38.13546368049415,37.17344650555388,36.21793055213952,35.50285945043079,35.20330754510252,35.39261558981699,36.02443437287923,36.944072620745196,37.926370816832126,38.73082810389069,39.16048528162022,39.110147288094595,38.592138619727784,37.733285864719875,36.743866131033805,35.86612387669548,]

Création des objets points FreeCAD.
Traçage de la B-Spline.
Calcul du vecteur d'échantillonnage = [0.0,0.5,1.0,1.5,2.0,2.5,3.0,3.5,4.0,4.5,5.0,5.5,6.0,6.5,7.0,7.5,8.0,8.5,9.0,9.5,10.0,10.5,11.0,11.5,12.0,12.5,13.0,13.5,14.0,14.5,15.0,15.5,16.0,16.5,17.0,17.5,18.0,18.5,19.0,19.5,20.0,20.5,21.0,21.5,22.0,22.5,23.0,23.5,24.0,24.5,25.0,25.5,26.0,26.5,27.0,27.5,28.0,28.5,29.0,29.5,30.0,30.5,31.0,31.5,32.0,32.5,33.0,33.5,34.0,34.5,35.0,35.5,36.0,36.5,37.0,37.5,38.0,38.5,39.0,39.5,40.0,]

Calcul du vecteur de la fonction mathématique = [39.8,39.55516512378074,38.880604611736274,37.941474403335405,36.96770632690571,36.19771276890613,35.8200150067991,35.927086625418404,36.49271275827277,37.37840840113844,38.36732437092645,39.217339548582515,39.72034057330073,39.75317525145604,39.30780450868661,38.49327063567005,37.50899993238277,36.59597619463035,35.977739476230646,35.80565568760724,36.12185694184709,36.84892614400801,37.8088513959761,38.76660951750601,39.48770791746498,39.79559655835716,39.61489356290039,38.98984132661978,38.073474436415665,37.09015146642259,36.28062417428235,35.84309307436223,35.884681039353225,36.39520588499457,37.2496733238968,38.23887992642292,39.12063341648816,39.67904978749651,39.77740923637334,39.39162993962788,38.61616412362678,37.640872865442915,36.70454147955146,36.03641654491735,35.80007834721072,36.05339071981297,36.7343339593332,37.676189412011155,38.64835801467399,39.41281898782451,39.782405623726945,39.66663022412784,39.093838644657275,38.20427024077436,37.21572238253233,36.370226062440665,35.874788267372864,35.85070944855868,36.303884940622,37.12336157805789,38.10850289977517,39.018111952212706,39.62948471560906,39.79293581511425,39.46844672101302,38.73546368049414,37.77344650555388,36.817930552139515,36.102859450430785,35.80330754510251,35.992615589816985,36.62443437287922,37.54407262074519,38.52637081683212,39.33082810389068,39.76048528162021,39.71014728809459,39.19213861972778,38.33328586471987,37.3438661310338,36.46612387669548,]

Création des objets points FreeCAD.
Traçage de la B-Spline.
Traçage des deux parties du cosinus.
Fermeture du contour.
Extrusion de la structure
8 cosinus suivant l'axe x ont étés tracés avec succès.
4 plateaux liants suivant les cosinus ont été tracés avec succès.


---------------------
--- Fin Programme ---
---------------------
Temps d'exécution: 14.0s
